<?xml version="1.0" encoding="UTF-8"?>
<testsuite xmlns:xsi="http://www.w3.org/2001/XMLSchema-instance" xsi:noNamespaceSchemaLocation="https://maven.apache.org/surefire/maven-surefire-plugin/xsd/surefire-test-report.xsd" version="3.0.2" name="com.example.oidc.config.SessionExpiryTest" time="2.534" tests="5" errors="0" skipped="0" failures="0">
  <properties>
[...]
</properties>
  <testcase name="testWebEndpoint_WithInvalidatedSession_RedirectsToLogin" classname="com.example.oidc.config.SessionExpiryTest" time="0.043">
    <system-out><![CDATA[17:22:40.210 [main] INFO org.springframework.test.context.support.AnnotationConfigContextLoaderUtils -- Could not detect default configuration classes for test class [com.example.oidc.config.SessionExpiryTest]: SessionExpiryTest does not declare any static, non-private, non-final, nested classes annotated with @Configuration.
17:22:40.357 [main] INFO org.springframework.boot.test.context.SpringBootTestContextBootstrapper -- Found @SpringBootConfiguration com.example.oidc.OidcMultiSecretApplication for test class com.example.oidc.config.SessionExpiryTest

  .   ____          _            __ _ _
 /\\ / ___'_ __ _ _(_)_ __  __ _ \ \ \ \
( ( )\___ | '_ | '_| | '_ \/ _` | \ \ \ \
 \\/  ___)| |_)| | | | | || (_| |  ) ) ) )
  '  |____| .__|_| |_|_| |_\__, | / / / /
 =========|_|==============|___/=/_/_/_/

 :: Spring Boot ::                (v3.5.4)

2025-08-03 17:22:40 - Starting SessionExpiryTest using Java 21.0.5 with PID 23052 (started by TJ in C:\Users\TJ\eclipse-workspace\spring-boot-securityconfig-oidc-with-multiple-secrets) [main] [correlationId=N/A] [transactionId=N/A] c.e.oidc.config.SessionExpiryTest - 
2025-08-03 17:22:40 - Running with Spring Boot v3.5.4, Spring v6.2.9 [main] [correlationId=N/A] [transactionId=N/A] c.e.oidc.config.SessionExpiryTest - 
2025-08-03 17:22:40 - No active profile set, falling back to 1 default profile: "default" [main] [correlationId=N/A] [transactionId=N/A] c.e.oidc.config.SessionExpiryTest - 
2025-08-03 17:22:41 - Initialized 3 client registrations for secret rotation [main] [correlationId=N/A] [transactionId=N/A] c.e.o.c.ClientRegistrationWithMultiSecretSupport - 
2025-08-03 17:22:41 - Multiple secrets detected (3), starting internal polling process [main] [correlationId=N/A] [transactionId=N/A] c.e.o.c.ClientRegistrationRepositoryWithMultiSecretSupport - 
2025-08-03 17:22:41 - Adding welcome page template: index [main] [correlationId=N/A] [transactionId=N/A] o.s.b.a.w.s.WelcomePageHandlerMapping - 
2025-08-03 17:22:41 - No authenticationProviders and no parentAuthenticationManager defined. Returning null. [main] [correlationId=N/A] [transactionId=N/A] o.s.s.c.a.a.c.AuthenticationConfiguration$DefaultPasswordEncoderAuthenticationManagerBuilder - 
2025-08-03 17:22:42 - Will secure any request with filters: DisableEncodeUrlFilter, CorrelationIdFilter, WebAsyncManagerIntegrationFilter, SecurityContextHolderFilter, HeaderWriterFilter, CorsFilter, OidcBackChannelLogoutFilter, CsrfFilter, LogoutFilter, OAuth2AuthorizationRequestRedirectFilter, OAuth2LoginAuthenticationFilter, OidcTokenRefreshFilter, ConcurrentSessionFilter, RequestCacheAwareFilter, SecurityContextHolderAwareRequestFilter, AnonymousAuthenticationFilter, SessionManagementFilter, ExceptionTranslationFilter, AuthorizationFilter [main] [correlationId=N/A] [transactionId=N/A] o.s.s.web.DefaultSecurityFilterChain - 
2025-08-03 17:22:42 - Filter 'correlationIdFilter' configured for use [main] [correlationId=N/A] [transactionId=N/A] c.e.oidc.filter.CorrelationIdFilter - 
2025-08-03 17:22:42 - Filter 'oidcTokenRefreshFilter' configured for use [main] [correlationId=N/A] [transactionId=N/A] c.e.o.s.OidcTokenRefreshFilter - 
2025-08-03 17:22:42 - Initializing Spring TestDispatcherServlet '' [main] [correlationId=N/A] [transactionId=N/A] o.s.b.t.m.w.SpringBootMockServletContext - 
2025-08-03 17:22:42 - Initializing Servlet '' [main] [correlationId=N/A] [transactionId=N/A] o.s.t.w.s.TestDispatcherServlet - 
2025-08-03 17:22:42 - Completed initialization in 0 ms [main] [correlationId=N/A] [transactionId=N/A] o.s.t.w.s.TestDispatcherServlet - 
2025-08-03 17:22:42 - Started SessionExpiryTest in 1.977 seconds (process running for 4.097) [main] [correlationId=N/A] [transactionId=N/A] c.e.oidc.config.SessionExpiryTest - 
2025-08-03 17:22:42 - No correlation ID found in request headers, generated new: corr-89decda86a85482784f63c2df78abd7c [main] [correlationId=N/A] [transactionId=N/A] c.e.oidc.filter.CorrelationIdFilter - 
2025-08-03 17:22:42 - Processing request with correlationId: corr-89decda86a85482784f63c2df78abd7c and transactionId: txn-6aa5228e17b445e9a1355a3b04baa3b2 [main] [correlationId=corr-89decda86a85482784f63c2df78abd7c] [transactionId=txn-6aa5228e17b445e9a1355a3b04baa3b2] c.e.oidc.filter.CorrelationIdFilter - 
2025-08-03 17:22:42 - Securing GET /home [main] [correlationId=corr-89decda86a85482784f63c2df78abd7c] [transactionId=txn-6aa5228e17b445e9a1355a3b04baa3b2] o.s.security.web.FilterChainProxy - 
2025-08-03 17:22:42 - Set SecurityContextHolder to anonymous SecurityContext [main] [correlationId=corr-89decda86a85482784f63c2df78abd7c] [transactionId=txn-6aa5228e17b445e9a1355a3b04baa3b2] o.s.s.w.a.AnonymousAuthenticationFilter - 
2025-08-03 17:22:42 - Saved request http://localhost/home?continue to session [main] [correlationId=corr-89decda86a85482784f63c2df78abd7c] [transactionId=txn-6aa5228e17b445e9a1355a3b04baa3b2] o.s.s.w.s.HttpSessionRequestCache - 
2025-08-03 17:22:42 - Trying to match using com.example.oidc.config.SecurityConfig$$Lambda/0x0000014a27618210@33f81280 [main] [correlationId=corr-89decda86a85482784f63c2df78abd7c] [transactionId=txn-6aa5228e17b445e9a1355a3b04baa3b2] o.s.s.w.a.DelegatingAuthenticationEntryPoint - 
2025-08-03 17:22:42 - Trying to match using com.example.oidc.config.SecurityConfig$$Lambda/0x0000014a27618430@3a0e7f89 [main] [correlationId=corr-89decda86a85482784f63c2df78abd7c] [transactionId=txn-6aa5228e17b445e9a1355a3b04baa3b2] o.s.s.w.a.DelegatingAuthenticationEntryPoint - 
2025-08-03 17:22:42 - Match found! Executing org.springframework.security.web.authentication.LoginUrlAuthenticationEntryPoint@682fe17b [main] [correlationId=corr-89decda86a85482784f63c2df78abd7c] [transactionId=txn-6aa5228e17b445e9a1355a3b04baa3b2] o.s.s.w.a.DelegatingAuthenticationEntryPoint - 
2025-08-03 17:22:42 - Redirecting to http://localhost/login [main] [correlationId=corr-89decda86a85482784f63c2df78abd7c] [transactionId=txn-6aa5228e17b445e9a1355a3b04baa3b2] o.s.s.web.DefaultRedirectStrategy - 
]]></system-out>
  </testcase>
  <testcase name="testApiEndpoint_WithInvalidatedSession_Returns401" classname="com.example.oidc.config.SessionExpiryTest" time="0.008">
    <system-out><![CDATA[2025-08-03 17:22:42 - No correlation ID found in request headers, generated new: corr-0c521dc16ab0417ab9c19fd9fd7ca3c3 [main] [correlationId=N/A] [transactionId=N/A] c.e.oidc.filter.CorrelationIdFilter - 
2025-08-03 17:22:42 - Processing request with correlationId: corr-0c521dc16ab0417ab9c19fd9fd7ca3c3 and transactionId: txn-0fe2b6a002294bb78524449abfcd3f7e [main] [correlationId=corr-0c521dc16ab0417ab9c19fd9fd7ca3c3] [transactionId=txn-0fe2b6a002294bb78524449abfcd3f7e] c.e.oidc.filter.CorrelationIdFilter - 
2025-08-03 17:22:42 - Securing GET /api/user [main] [correlationId=corr-0c521dc16ab0417ab9c19fd9fd7ca3c3] [transactionId=txn-0fe2b6a002294bb78524449abfcd3f7e] o.s.security.web.FilterChainProxy - 
2025-08-03 17:22:42 - Set SecurityContextHolder to anonymous SecurityContext [main] [correlationId=corr-0c521dc16ab0417ab9c19fd9fd7ca3c3] [transactionId=txn-0fe2b6a002294bb78524449abfcd3f7e] o.s.s.w.a.AnonymousAuthenticationFilter - 
2025-08-03 17:22:42 - Saved request http://localhost/api/user?continue to session [main] [correlationId=corr-0c521dc16ab0417ab9c19fd9fd7ca3c3] [transactionId=txn-0fe2b6a002294bb78524449abfcd3f7e] o.s.s.w.s.HttpSessionRequestCache - 
2025-08-03 17:22:42 - Trying to match using com.example.oidc.config.SecurityConfig$$Lambda/0x0000014a27618210@33f81280 [main] [correlationId=corr-0c521dc16ab0417ab9c19fd9fd7ca3c3] [transactionId=txn-0fe2b6a002294bb78524449abfcd3f7e] o.s.s.w.a.DelegatingAuthenticationEntryPoint - 
2025-08-03 17:22:42 - Match found! Executing com.example.oidc.config.SecurityConfig$$Lambda/0x0000014a27618000@54e680fe [main] [correlationId=corr-0c521dc16ab0417ab9c19fd9fd7ca3c3] [transactionId=txn-0fe2b6a002294bb78524449abfcd3f7e] o.s.s.w.a.DelegatingAuthenticationEntryPoint - 
2025-08-03 17:22:42 - No correlation ID found in request headers, generated new: corr-94c8088ce02f408dba4905ffc3d73a7d [main] [correlationId=N/A] [transactionId=N/A] c.e.oidc.filter.CorrelationIdFilter - 
2025-08-03 17:22:42 - Processing request with correlationId: corr-94c8088ce02f408dba4905ffc3d73a7d and transactionId: txn-62e48939951249498897bc72ea810bcb [main] [correlationId=corr-94c8088ce02f408dba4905ffc3d73a7d] [transactionId=txn-62e48939951249498897bc72ea810bcb] c.e.oidc.filter.CorrelationIdFilter - 
2025-08-03 17:22:42 - Securing GET /api/user [main] [correlationId=corr-94c8088ce02f408dba4905ffc3d73a7d] [transactionId=txn-62e48939951249498897bc72ea810bcb] o.s.security.web.FilterChainProxy - 
2025-08-03 17:22:42 - Set SecurityContextHolder to anonymous SecurityContext [main] [correlationId=corr-94c8088ce02f408dba4905ffc3d73a7d] [transactionId=txn-62e48939951249498897bc72ea810bcb] o.s.s.w.a.AnonymousAuthenticationFilter - 
2025-08-03 17:22:42 - Saved request http://localhost/api/user?continue to session [main] [correlationId=corr-94c8088ce02f408dba4905ffc3d73a7d] [transactionId=txn-62e48939951249498897bc72ea810bcb] o.s.s.w.s.HttpSessionRequestCache - 
2025-08-03 17:22:42 - Trying to match using com.example.oidc.config.SecurityConfig$$Lambda/0x0000014a27618210@33f81280 [main] [correlationId=corr-94c8088ce02f408dba4905ffc3d73a7d] [transactionId=txn-62e48939951249498897bc72ea810bcb] o.s.s.w.a.DelegatingAuthenticationEntryPoint - 
2025-08-03 17:22:42 - Match found! Executing com.example.oidc.config.SecurityConfig$$Lambda/0x0000014a27618000@54e680fe [main] [correlationId=corr-94c8088ce02f408dba4905ffc3d73a7d] [transactionId=txn-62e48939951249498897bc72ea810bcb] o.s.s.w.a.DelegatingAuthenticationEntryPoint - 
]]></system-out>
  </testcase>
  <testcase name="testApiEndpoint_NoSession_Returns401" classname="com.example.oidc.config.SessionExpiryTest" time="0.003">
    <system-out><![CDATA[2025-08-03 17:22:42 - No correlation ID found in request headers, generated new: corr-ebb622c5ad63433da5abffddad78eda6 [main] [correlationId=N/A] [transactionId=N/A] c.e.oidc.filter.CorrelationIdFilter - 
2025-08-03 17:22:42 - Processing request with correlationId: corr-ebb622c5ad63433da5abffddad78eda6 and transactionId: txn-3e280edbfa6e421e94fff30b69006e9e [main] [correlationId=corr-ebb622c5ad63433da5abffddad78eda6] [transactionId=txn-3e280edbfa6e421e94fff30b69006e9e] c.e.oidc.filter.CorrelationIdFilter - 
2025-08-03 17:22:42 - Securing GET /api/user [main] [correlationId=corr-ebb622c5ad63433da5abffddad78eda6] [transactionId=txn-3e280edbfa6e421e94fff30b69006e9e] o.s.security.web.FilterChainProxy - 
2025-08-03 17:22:42 - Set SecurityContextHolder to anonymous SecurityContext [main] [correlationId=corr-ebb622c5ad63433da5abffddad78eda6] [transactionId=txn-3e280edbfa6e421e94fff30b69006e9e] o.s.s.w.a.AnonymousAuthenticationFilter - 
2025-08-03 17:22:42 - Saved request http://localhost/api/user?continue to session [main] [correlationId=corr-ebb622c5ad63433da5abffddad78eda6] [transactionId=txn-3e280edbfa6e421e94fff30b69006e9e] o.s.s.w.s.HttpSessionRequestCache - 
2025-08-03 17:22:42 - Trying to match using com.example.oidc.config.SecurityConfig$$Lambda/0x0000014a27618210@33f81280 [main] [correlationId=corr-ebb622c5ad63433da5abffddad78eda6] [transactionId=txn-3e280edbfa6e421e94fff30b69006e9e] o.s.s.w.a.DelegatingAuthenticationEntryPoint - 
2025-08-03 17:22:42 - Match found! Executing com.example.oidc.config.SecurityConfig$$Lambda/0x0000014a27618000@54e680fe [main] [correlationId=corr-ebb622c5ad63433da5abffddad78eda6] [transactionId=txn-3e280edbfa6e421e94fff30b69006e9e] o.s.s.w.a.DelegatingAuthenticationEntryPoint - 
]]></system-out>
  </testcase>
  <testcase name="testApiEndpoint_WithValidSession_Returns200" classname="com.example.oidc.config.SessionExpiryTest" time="0.086">
    <system-out><![CDATA[2025-08-03 17:22:42 - Created HttpSession as SecurityContext is non-default [main] [correlationId=N/A] [transactionId=N/A] o.s.s.w.c.HttpSessionSecurityContextRepository - 
2025-08-03 17:22:42 - Stored SecurityContextImpl [Authentication=UsernamePasswordAuthenticationToken [Principal=org.springframework.security.core.userdetails.User [Username=user, Password=[PROTECTED], Enabled=true, AccountNonExpired=true, CredentialsNonExpired=true, AccountNonLocked=true, Granted Authorities=[ROLE_USER]], Credentials=[PROTECTED], Authenticated=true, Details=null, Granted Authorities=[ROLE_USER]]] to HttpSession [org.springframework.mock.web.MockHttpSession@46c2189e] [main] [correlationId=N/A] [transactionId=N/A] o.s.s.w.c.HttpSessionSecurityContextRepository - 
2025-08-03 17:22:42 - No correlation ID found in request headers, generated new: corr-008e315094764383a3d4c4220d1b961f [main] [correlationId=N/A] [transactionId=N/A] c.e.oidc.filter.CorrelationIdFilter - 
2025-08-03 17:22:42 - Processing request with correlationId: corr-008e315094764383a3d4c4220d1b961f and transactionId: txn-460ae3e125834a28b45fa8bd1a019f3f [main] [correlationId=corr-008e315094764383a3d4c4220d1b961f] [transactionId=txn-460ae3e125834a28b45fa8bd1a019f3f] c.e.oidc.filter.CorrelationIdFilter - 
2025-08-03 17:22:42 - Securing GET /api/health [main] [correlationId=corr-008e315094764383a3d4c4220d1b961f] [transactionId=txn-460ae3e125834a28b45fa8bd1a019f3f] o.s.security.web.FilterChainProxy - 
2025-08-03 17:22:42 - Retrieved SecurityContextImpl [Authentication=UsernamePasswordAuthenticationToken [Principal=org.springframework.security.core.userdetails.User [Username=user, Password=[PROTECTED], Enabled=true, AccountNonExpired=true, CredentialsNonExpired=true, AccountNonLocked=true, Granted Authorities=[ROLE_USER]], Credentials=[PROTECTED], Authenticated=true, Details=null, Granted Authorities=[ROLE_USER]]] [main] [correlationId=corr-008e315094764383a3d4c4220d1b961f] [transactionId=txn-460ae3e125834a28b45fa8bd1a019f3f] o.s.s.w.c.HttpSessionSecurityContextRepository - 
2025-08-03 17:22:42 - Secured GET /api/health [main] [correlationId=corr-008e315094764383a3d4c4220d1b961f] [transactionId=txn-460ae3e125834a28b45fa8bd1a019f3f] o.s.security.web.FilterChainProxy - 
2025-08-03 17:22:42 - Health check endpoint called [main] [correlationId=corr-008e315094764383a3d4c4220d1b961f] [transactionId=txn-460ae3e125834a28b45fa8bd1a019f3f] c.e.oidc.controller.ApiController - 
]]></system-out>
  </testcase>
  <testcase name="testWebEndpoint_NoSession_RedirectsToLogin" classname="com.example.oidc.config.SessionExpiryTest" time="0.007">
    <system-out><![CDATA[2025-08-03 17:22:42 - No correlation ID found in request headers, generated new: corr-5ba3ff1b3e6f4c42b28771ad32aaf2a8 [main] [correlationId=N/A] [transactionId=N/A] c.e.oidc.filter.CorrelationIdFilter - 
2025-08-03 17:22:42 - Processing request with correlationId: corr-5ba3ff1b3e6f4c42b28771ad32aaf2a8 and transactionId: txn-f7c8e73aef3b4f36ac30ce98a0206ac6 [main] [correlationId=corr-5ba3ff1b3e6f4c42b28771ad32aaf2a8] [transactionId=txn-f7c8e73aef3b4f36ac30ce98a0206ac6] c.e.oidc.filter.CorrelationIdFilter - 
2025-08-03 17:22:42 - Securing GET /home [main] [correlationId=corr-5ba3ff1b3e6f4c42b28771ad32aaf2a8] [transactionId=txn-f7c8e73aef3b4f36ac30ce98a0206ac6] o.s.security.web.FilterChainProxy - 
2025-08-03 17:22:42 - Set SecurityContextHolder to anonymous SecurityContext [main] [correlationId=corr-5ba3ff1b3e6f4c42b28771ad32aaf2a8] [transactionId=txn-f7c8e73aef3b4f36ac30ce98a0206ac6] o.s.s.w.a.AnonymousAuthenticationFilter - 
2025-08-03 17:22:42 - Saved request http://localhost/home?continue to session [main] [correlationId=corr-5ba3ff1b3e6f4c42b28771ad32aaf2a8] [transactionId=txn-f7c8e73aef3b4f36ac30ce98a0206ac6] o.s.s.w.s.HttpSessionRequestCache - 
2025-08-03 17:22:42 - Trying to match using com.example.oidc.config.SecurityConfig$$Lambda/0x0000014a27618210@33f81280 [main] [correlationId=corr-5ba3ff1b3e6f4c42b28771ad32aaf2a8] [transactionId=txn-f7c8e73aef3b4f36ac30ce98a0206ac6] o.s.s.w.a.DelegatingAuthenticationEntryPoint - 
2025-08-03 17:22:42 - Trying to match using com.example.oidc.config.SecurityConfig$$Lambda/0x0000014a27618430@3a0e7f89 [main] [correlationId=corr-5ba3ff1b3e6f4c42b28771ad32aaf2a8] [transactionId=txn-f7c8e73aef3b4f36ac30ce98a0206ac6] o.s.s.w.a.DelegatingAuthenticationEntryPoint - 
2025-08-03 17:22:42 - Match found! Executing org.springframework.security.web.authentication.LoginUrlAuthenticationEntryPoint@682fe17b [main] [correlationId=corr-5ba3ff1b3e6f4c42b28771ad32aaf2a8] [transactionId=txn-f7c8e73aef3b4f36ac30ce98a0206ac6] o.s.s.w.a.DelegatingAuthenticationEntryPoint - 
2025-08-03 17:22:42 - Redirecting to http://localhost/login [main] [correlationId=corr-5ba3ff1b3e6f4c42b28771ad32aaf2a8] [transactionId=txn-f7c8e73aef3b4f36ac30ce98a0206ac6] o.s.s.web.DefaultRedirectStrategy - 
]]></system-out>
  </testcase>
</testsuite>