<?xml version="1.0" encoding="UTF-8"?>
<testsuite xmlns:xsi="http://www.w3.org/2001/XMLSchema-instance" xsi:noNamespaceSchemaLocation="https://maven.apache.org/surefire/maven-surefire-plugin/xsd/surefire-test-report.xsd" version="3.0.2" name="com.example.oidc.security.ApiAuthenticationTest" time="4.996" tests="10" errors="0" skipped="0" failures="0">
  <properties>
[...]
</properties>
  <testcase name="testApi_InvalidatedSession_Returns401" classname="com.example.oidc.security.ApiAuthenticationTest" time="0.584">
    <system-out><![CDATA[17:18:18.750 [main] INFO org.springframework.test.context.support.AnnotationConfigContextLoaderUtils -- Could not detect default configuration classes for test class [com.example.oidc.security.ApiAuthenticationTest]: ApiAuthenticationTest does not declare any static, non-private, non-final, nested classes annotated with @Configuration.
17:18:18.856 [main] INFO org.springframework.boot.test.context.SpringBootTestContextBootstrapper -- Found @SpringBootConfiguration com.example.oidc.OidcMultiSecretApplication for test class com.example.oidc.security.ApiAuthenticationTest

  .   ____          _            __ _ _
 /\\ / ___'_ __ _ _(_)_ __  __ _ \ \ \ \
( ( )\___ | '_ | '_| | '_ \/ _` | \ \ \ \
 \\/  ___)| |_)| | | | | || (_| |  ) ) ) )
  '  |____| .__|_| |_|_| |_\__, | / / / /
 =========|_|==============|___/=/_/_/_/

 :: Spring Boot ::                (v3.5.4)

2025-08-03 17:18:19 - Starting ApiAuthenticationTest using Java 21.0.5 with PID 12896 (started by TJ in C:\Users\TJ\eclipse-workspace\spring-boot-securityconfig-oidc-with-multiple-secrets) [main] [correlationId=N/A] [transactionId=N/A] c.e.o.security.ApiAuthenticationTest - 
2025-08-03 17:18:19 - Running with Spring Boot v3.5.4, Spring v6.2.9 [main] [correlationId=N/A] [transactionId=N/A] c.e.o.security.ApiAuthenticationTest - 
2025-08-03 17:18:19 - The following 1 profile is active: "test" [main] [correlationId=N/A] [transactionId=N/A] c.e.o.security.ApiAuthenticationTest - 
2025-08-03 17:18:20 - Initialized 3 client registrations for secret rotation [main] [correlationId=N/A] [transactionId=N/A] c.e.o.c.ClientRegistrationWithMultiSecretSupport - 
2025-08-03 17:18:20 - Multiple secrets detected (3), starting internal polling process [main] [correlationId=N/A] [transactionId=N/A] c.e.o.c.ClientRegistrationRepositoryWithMultiSecretSupport - 
2025-08-03 17:18:20 - Adding welcome page template: index [main] [correlationId=N/A] [transactionId=N/A] o.s.b.a.w.s.WelcomePageHandlerMapping - 
2025-08-03 17:18:20 - No authenticationProviders and no parentAuthenticationManager defined. Returning null. [main] [correlationId=N/A] [transactionId=N/A] o.s.s.c.a.a.c.AuthenticationConfiguration$DefaultPasswordEncoderAuthenticationManagerBuilder - 
2025-08-03 17:18:20 - Will secure any request with filters: DisableEncodeUrlFilter, CorrelationIdFilter, WebAsyncManagerIntegrationFilter, SecurityContextHolderFilter, HeaderWriterFilter, CorsFilter, OidcBackChannelLogoutFilter, CsrfFilter, LogoutFilter, OAuth2AuthorizationRequestRedirectFilter, OAuth2LoginAuthenticationFilter, OidcTokenRefreshFilter, ConcurrentSessionFilter, RequestCacheAwareFilter, SecurityContextHolderAwareRequestFilter, AnonymousAuthenticationFilter, SessionManagementFilter, ExceptionTranslationFilter, AuthorizationFilter [main] [correlationId=N/A] [transactionId=N/A] o.s.s.web.DefaultSecurityFilterChain - 
2025-08-03 17:18:20 - Filter 'correlationIdFilter' configured for use [main] [correlationId=N/A] [transactionId=N/A] c.e.oidc.filter.CorrelationIdFilter - 
2025-08-03 17:18:20 - Filter 'oidcTokenRefreshFilter' configured for use [main] [correlationId=N/A] [transactionId=N/A] c.e.o.s.OidcTokenRefreshFilter - 
2025-08-03 17:18:20 - Initializing Spring TestDispatcherServlet '' [main] [correlationId=N/A] [transactionId=N/A] o.s.b.t.m.w.SpringBootMockServletContext - 
2025-08-03 17:18:20 - Initializing Servlet '' [main] [correlationId=N/A] [transactionId=N/A] o.s.t.w.s.TestDispatcherServlet - 
2025-08-03 17:18:20 - Completed initialization in 0 ms [main] [correlationId=N/A] [transactionId=N/A] o.s.t.w.s.TestDispatcherServlet - 
2025-08-03 17:18:20 - Started ApiAuthenticationTest in 1.828 seconds (process running for 2.638) [main] [correlationId=N/A] [transactionId=N/A] c.e.o.security.ApiAuthenticationTest - 
2025-08-03 17:18:21 - No correlation ID found in request headers, generated new: corr-f920a15984164a84a55cce9c17de90f5 [main] [correlationId=N/A] [transactionId=N/A] c.e.oidc.filter.CorrelationIdFilter - 
2025-08-03 17:18:21 - Processing request with correlationId: corr-f920a15984164a84a55cce9c17de90f5 and transactionId: txn-32960063d6144b4cae9d1dbc72c5a25e [main] [correlationId=corr-f920a15984164a84a55cce9c17de90f5] [transactionId=txn-32960063d6144b4cae9d1dbc72c5a25e] c.e.oidc.filter.CorrelationIdFilter - 
2025-08-03 17:18:21 - Securing GET /api/user [main] [correlationId=corr-f920a15984164a84a55cce9c17de90f5] [transactionId=txn-32960063d6144b4cae9d1dbc72c5a25e] o.s.security.web.FilterChainProxy - 
2025-08-03 17:18:21 - Set SecurityContextHolder to anonymous SecurityContext [main] [correlationId=corr-f920a15984164a84a55cce9c17de90f5] [transactionId=txn-32960063d6144b4cae9d1dbc72c5a25e] o.s.s.w.a.AnonymousAuthenticationFilter - 
2025-08-03 17:18:21 - Saved request http://localhost/api/user?continue to session [main] [correlationId=corr-f920a15984164a84a55cce9c17de90f5] [transactionId=txn-32960063d6144b4cae9d1dbc72c5a25e] o.s.s.w.s.HttpSessionRequestCache - 
2025-08-03 17:18:21 - Trying to match using com.example.oidc.config.SecurityConfig$$Lambda/0x00000240504c54a0@4fea840f [main] [correlationId=corr-f920a15984164a84a55cce9c17de90f5] [transactionId=txn-32960063d6144b4cae9d1dbc72c5a25e] o.s.s.w.a.DelegatingAuthenticationEntryPoint - 
2025-08-03 17:18:21 - Match found! Executing com.example.oidc.config.SecurityConfig$$Lambda/0x00000240504c5290@70805849 [main] [correlationId=corr-f920a15984164a84a55cce9c17de90f5] [transactionId=txn-32960063d6144b4cae9d1dbc72c5a25e] o.s.s.w.a.DelegatingAuthenticationEntryPoint - 
]]></system-out>
    <system-err><![CDATA[Mockito is currently self-attaching to enable the inline-mock-maker. This will no longer work in future releases of the JDK. Please add Mockito as an agent to your build as described in Mockito's documentation: https://javadoc.io/doc/org.mockito/mockito-core/latest/org.mockito/org/mockito/Mockito.html#0.3
WARNING: A Java agent has been loaded dynamically (C:\Users\TJ\.m2\repository\net\bytebuddy\byte-buddy-agent\1.17.6\byte-buddy-agent-1.17.6.jar)
WARNING: If a serviceability tool is in use, please run with -XX:+EnableDynamicAgentLoading to hide this warning
WARNING: If a serviceability tool is not in use, please run with -Djdk.instrument.traceUsage for more information
WARNING: Dynamic loading of agents will be disallowed by default in a future release
]]></system-err>
  </testcase>
  <testcase name="testApi_ValidAuthentication_Returns200" classname="com.example.oidc.security.ApiAuthenticationTest" time="0.09">
    <system-out><![CDATA[2025-08-03 17:18:21 - Created HttpSession as SecurityContext is non-default [main] [correlationId=N/A] [transactionId=N/A] o.s.s.w.c.HttpSessionSecurityContextRepository - 
2025-08-03 17:18:21 - Stored SecurityContextImpl [Authentication=UsernamePasswordAuthenticationToken [Principal=org.springframework.security.core.userdetails.User [Username=user, Password=[PROTECTED], Enabled=true, AccountNonExpired=true, CredentialsNonExpired=true, AccountNonLocked=true, Granted Authorities=[ROLE_USER]], Credentials=[PROTECTED], Authenticated=true, Details=null, Granted Authorities=[ROLE_USER]]] to HttpSession [org.springframework.mock.web.MockHttpSession@55746340] [main] [correlationId=N/A] [transactionId=N/A] o.s.s.w.c.HttpSessionSecurityContextRepository - 
2025-08-03 17:18:21 - No correlation ID found in request headers, generated new: corr-f03683dd49b3461aa082b8d3d49f9527 [main] [correlationId=N/A] [transactionId=N/A] c.e.oidc.filter.CorrelationIdFilter - 
2025-08-03 17:18:21 - Processing request with correlationId: corr-f03683dd49b3461aa082b8d3d49f9527 and transactionId: txn-f984a2b3792a462aa51492c7c2f7f4ef [main] [correlationId=corr-f03683dd49b3461aa082b8d3d49f9527] [transactionId=txn-f984a2b3792a462aa51492c7c2f7f4ef] c.e.oidc.filter.CorrelationIdFilter - 
2025-08-03 17:18:21 - Securing GET /api/health [main] [correlationId=corr-f03683dd49b3461aa082b8d3d49f9527] [transactionId=txn-f984a2b3792a462aa51492c7c2f7f4ef] o.s.security.web.FilterChainProxy - 
2025-08-03 17:18:21 - Retrieved SecurityContextImpl [Authentication=UsernamePasswordAuthenticationToken [Principal=org.springframework.security.core.userdetails.User [Username=user, Password=[PROTECTED], Enabled=true, AccountNonExpired=true, CredentialsNonExpired=true, AccountNonLocked=true, Granted Authorities=[ROLE_USER]], Credentials=[PROTECTED], Authenticated=true, Details=null, Granted Authorities=[ROLE_USER]]] [main] [correlationId=corr-f03683dd49b3461aa082b8d3d49f9527] [transactionId=txn-f984a2b3792a462aa51492c7c2f7f4ef] o.s.s.w.c.HttpSessionSecurityContextRepository - 
2025-08-03 17:18:21 - Secured GET /api/health [main] [correlationId=corr-f03683dd49b3461aa082b8d3d49f9527] [transactionId=txn-f984a2b3792a462aa51492c7c2f7f4ef] o.s.security.web.FilterChainProxy - 
2025-08-03 17:18:21 - Health check endpoint called [main] [correlationId=corr-f03683dd49b3461aa082b8d3d49f9527] [transactionId=txn-f984a2b3792a462aa51492c7c2f7f4ef] c.e.oidc.controller.ApiController - 
]]></system-out>
  </testcase>
  <testcase name="testApi_PostRequest_NoAuth_Returns401" classname="com.example.oidc.security.ApiAuthenticationTest" time="0.008">
    <system-out><![CDATA[2025-08-03 17:18:21 - No correlation ID found in request headers, generated new: corr-7d97072a56af4722ae60ab2b99375522 [main] [correlationId=N/A] [transactionId=N/A] c.e.oidc.filter.CorrelationIdFilter - 
2025-08-03 17:18:21 - Processing request with correlationId: corr-7d97072a56af4722ae60ab2b99375522 and transactionId: txn-74e4fde55a10436ab7702965a4c16516 [main] [correlationId=corr-7d97072a56af4722ae60ab2b99375522] [transactionId=txn-74e4fde55a10436ab7702965a4c16516] c.e.oidc.filter.CorrelationIdFilter - 
2025-08-03 17:18:21 - Securing POST /api/data [main] [correlationId=corr-7d97072a56af4722ae60ab2b99375522] [transactionId=txn-74e4fde55a10436ab7702965a4c16516] o.s.security.web.FilterChainProxy - 
2025-08-03 17:18:21 - Set SecurityContextHolder to anonymous SecurityContext [main] [correlationId=corr-7d97072a56af4722ae60ab2b99375522] [transactionId=txn-74e4fde55a10436ab7702965a4c16516] o.s.s.w.a.AnonymousAuthenticationFilter - 
2025-08-03 17:18:21 - Trying to match using com.example.oidc.config.SecurityConfig$$Lambda/0x00000240504c54a0@4fea840f [main] [correlationId=corr-7d97072a56af4722ae60ab2b99375522] [transactionId=txn-74e4fde55a10436ab7702965a4c16516] o.s.s.w.a.DelegatingAuthenticationEntryPoint - 
2025-08-03 17:18:21 - Match found! Executing com.example.oidc.config.SecurityConfig$$Lambda/0x00000240504c5290@70805849 [main] [correlationId=corr-7d97072a56af4722ae60ab2b99375522] [transactionId=txn-74e4fde55a10436ab7702965a4c16516] o.s.s.w.a.DelegatingAuthenticationEntryPoint - 
]]></system-out>
  </testcase>
  <testcase name="testApi_ExpiredSession_Returns401" classname="com.example.oidc.security.ApiAuthenticationTest" time="2.02">
    <system-out><![CDATA[2025-08-03 17:18:21 - Stored SecurityContextImpl [Authentication=UsernamePasswordAuthenticationToken [Principal=org.springframework.security.core.userdetails.User [Username=testuser, Password=[PROTECTED], Enabled=true, AccountNonExpired=true, CredentialsNonExpired=true, AccountNonLocked=true, Granted Authorities=[ROLE_USER]], Credentials=[PROTECTED], Authenticated=true, Details=null, Granted Authorities=[ROLE_USER]]] to HttpSession [org.springframework.mock.web.MockHttpSession@2dc73024] [main] [correlationId=N/A] [transactionId=N/A] o.s.s.w.c.HttpSessionSecurityContextRepository - 
2025-08-03 17:18:21 - No correlation ID found in request headers, generated new: corr-5c2f2081fab54adeaaa58b0ae15cf76c [main] [correlationId=N/A] [transactionId=N/A] c.e.oidc.filter.CorrelationIdFilter - 
2025-08-03 17:18:21 - Processing request with correlationId: corr-5c2f2081fab54adeaaa58b0ae15cf76c and transactionId: txn-dc1e3177ed7a4bf6bbddadce48eb4be7 [main] [correlationId=corr-5c2f2081fab54adeaaa58b0ae15cf76c] [transactionId=txn-dc1e3177ed7a4bf6bbddadce48eb4be7] c.e.oidc.filter.CorrelationIdFilter - 
2025-08-03 17:18:21 - Securing GET /api/health [main] [correlationId=corr-5c2f2081fab54adeaaa58b0ae15cf76c] [transactionId=txn-dc1e3177ed7a4bf6bbddadce48eb4be7] o.s.security.web.FilterChainProxy - 
2025-08-03 17:18:21 - Retrieved SecurityContextImpl [Authentication=UsernamePasswordAuthenticationToken [Principal=org.springframework.security.core.userdetails.User [Username=testuser, Password=[PROTECTED], Enabled=true, AccountNonExpired=true, CredentialsNonExpired=true, AccountNonLocked=true, Granted Authorities=[ROLE_USER]], Credentials=[PROTECTED], Authenticated=true, Details=null, Granted Authorities=[ROLE_USER]]] [main] [correlationId=corr-5c2f2081fab54adeaaa58b0ae15cf76c] [transactionId=txn-dc1e3177ed7a4bf6bbddadce48eb4be7] o.s.s.w.c.HttpSessionSecurityContextRepository - 
2025-08-03 17:18:21 - Secured GET /api/health [main] [correlationId=corr-5c2f2081fab54adeaaa58b0ae15cf76c] [transactionId=txn-dc1e3177ed7a4bf6bbddadce48eb4be7] o.s.security.web.FilterChainProxy - 
2025-08-03 17:18:21 - Health check endpoint called [main] [correlationId=corr-5c2f2081fab54adeaaa58b0ae15cf76c] [transactionId=txn-dc1e3177ed7a4bf6bbddadce48eb4be7] c.e.oidc.controller.ApiController - 
2025-08-03 17:18:23 - No correlation ID found in request headers, generated new: corr-d0c00bdb7fa64b38b414b4e075384dbb [main] [correlationId=N/A] [transactionId=N/A] c.e.oidc.filter.CorrelationIdFilter - 
2025-08-03 17:18:23 - Processing request with correlationId: corr-d0c00bdb7fa64b38b414b4e075384dbb and transactionId: txn-9270fdd27ef744acb1a88f1ae88aa060 [main] [correlationId=corr-d0c00bdb7fa64b38b414b4e075384dbb] [transactionId=txn-9270fdd27ef744acb1a88f1ae88aa060] c.e.oidc.filter.CorrelationIdFilter - 
2025-08-03 17:18:23 - Securing GET /api/health [main] [correlationId=corr-d0c00bdb7fa64b38b414b4e075384dbb] [transactionId=txn-9270fdd27ef744acb1a88f1ae88aa060] o.s.security.web.FilterChainProxy - 
2025-08-03 17:18:23 - Set SecurityContextHolder to anonymous SecurityContext [main] [correlationId=corr-d0c00bdb7fa64b38b414b4e075384dbb] [transactionId=txn-9270fdd27ef744acb1a88f1ae88aa060] o.s.s.w.a.AnonymousAuthenticationFilter - 
2025-08-03 17:18:23 - Saved request http://localhost/api/health?continue to session [main] [correlationId=corr-d0c00bdb7fa64b38b414b4e075384dbb] [transactionId=txn-9270fdd27ef744acb1a88f1ae88aa060] o.s.s.w.s.HttpSessionRequestCache - 
2025-08-03 17:18:23 - Trying to match using com.example.oidc.config.SecurityConfig$$Lambda/0x00000240504c54a0@4fea840f [main] [correlationId=corr-d0c00bdb7fa64b38b414b4e075384dbb] [transactionId=txn-9270fdd27ef744acb1a88f1ae88aa060] o.s.s.w.a.DelegatingAuthenticationEntryPoint - 
2025-08-03 17:18:23 - Match found! Executing com.example.oidc.config.SecurityConfig$$Lambda/0x00000240504c5290@70805849 [main] [correlationId=corr-d0c00bdb7fa64b38b414b4e075384dbb] [transactionId=txn-9270fdd27ef744acb1a88f1ae88aa060] o.s.s.w.a.DelegatingAuthenticationEntryPoint - 
]]></system-out>
  </testcase>
  <testcase name="testApi_MultipleRequests_ConsistentBehavior" classname="com.example.oidc.security.ApiAuthenticationTest" time="0.02">
    <system-out><![CDATA[2025-08-03 17:18:23 - No correlation ID found in request headers, generated new: corr-80bb9b47cf58467f8b7539debc56c9e4 [main] [correlationId=N/A] [transactionId=N/A] c.e.oidc.filter.CorrelationIdFilter - 
2025-08-03 17:18:23 - Processing request with correlationId: corr-80bb9b47cf58467f8b7539debc56c9e4 and transactionId: txn-756c67319d91404583ace2a4e5213d92 [main] [correlationId=corr-80bb9b47cf58467f8b7539debc56c9e4] [transactionId=txn-756c67319d91404583ace2a4e5213d92] c.e.oidc.filter.CorrelationIdFilter - 
2025-08-03 17:18:23 - Securing GET /api/user [main] [correlationId=corr-80bb9b47cf58467f8b7539debc56c9e4] [transactionId=txn-756c67319d91404583ace2a4e5213d92] o.s.security.web.FilterChainProxy - 
2025-08-03 17:18:23 - Set SecurityContextHolder to anonymous SecurityContext [main] [correlationId=corr-80bb9b47cf58467f8b7539debc56c9e4] [transactionId=txn-756c67319d91404583ace2a4e5213d92] o.s.s.w.a.AnonymousAuthenticationFilter - 
2025-08-03 17:18:23 - Saved request http://localhost/api/user?continue to session [main] [correlationId=corr-80bb9b47cf58467f8b7539debc56c9e4] [transactionId=txn-756c67319d91404583ace2a4e5213d92] o.s.s.w.s.HttpSessionRequestCache - 
2025-08-03 17:18:23 - Trying to match using com.example.oidc.config.SecurityConfig$$Lambda/0x00000240504c54a0@4fea840f [main] [correlationId=corr-80bb9b47cf58467f8b7539debc56c9e4] [transactionId=txn-756c67319d91404583ace2a4e5213d92] o.s.s.w.a.DelegatingAuthenticationEntryPoint - 
2025-08-03 17:18:23 - Match found! Executing com.example.oidc.config.SecurityConfig$$Lambda/0x00000240504c5290@70805849 [main] [correlationId=corr-80bb9b47cf58467f8b7539debc56c9e4] [transactionId=txn-756c67319d91404583ace2a4e5213d92] o.s.s.w.a.DelegatingAuthenticationEntryPoint - 
2025-08-03 17:18:23 - No correlation ID found in request headers, generated new: corr-9005137c7ded4abea94226b9ec1ec682 [main] [correlationId=N/A] [transactionId=N/A] c.e.oidc.filter.CorrelationIdFilter - 
2025-08-03 17:18:23 - Processing request with correlationId: corr-9005137c7ded4abea94226b9ec1ec682 and transactionId: txn-c77b6ff0e892400e9b5b01b7093c63b3 [main] [correlationId=corr-9005137c7ded4abea94226b9ec1ec682] [transactionId=txn-c77b6ff0e892400e9b5b01b7093c63b3] c.e.oidc.filter.CorrelationIdFilter - 
2025-08-03 17:18:23 - Securing GET /api/user-v2 [main] [correlationId=corr-9005137c7ded4abea94226b9ec1ec682] [transactionId=txn-c77b6ff0e892400e9b5b01b7093c63b3] o.s.security.web.FilterChainProxy - 
2025-08-03 17:18:23 - Set SecurityContextHolder to anonymous SecurityContext [main] [correlationId=corr-9005137c7ded4abea94226b9ec1ec682] [transactionId=txn-c77b6ff0e892400e9b5b01b7093c63b3] o.s.s.w.a.AnonymousAuthenticationFilter - 
2025-08-03 17:18:23 - Saved request http://localhost/api/user-v2?continue to session [main] [correlationId=corr-9005137c7ded4abea94226b9ec1ec682] [transactionId=txn-c77b6ff0e892400e9b5b01b7093c63b3] o.s.s.w.s.HttpSessionRequestCache - 
2025-08-03 17:18:23 - Trying to match using com.example.oidc.config.SecurityConfig$$Lambda/0x00000240504c54a0@4fea840f [main] [correlationId=corr-9005137c7ded4abea94226b9ec1ec682] [transactionId=txn-c77b6ff0e892400e9b5b01b7093c63b3] o.s.s.w.a.DelegatingAuthenticationEntryPoint - 
2025-08-03 17:18:23 - Match found! Executing com.example.oidc.config.SecurityConfig$$Lambda/0x00000240504c5290@70805849 [main] [correlationId=corr-9005137c7ded4abea94226b9ec1ec682] [transactionId=txn-c77b6ff0e892400e9b5b01b7093c63b3] o.s.s.w.a.DelegatingAuthenticationEntryPoint - 
2025-08-03 17:18:23 - No correlation ID found in request headers, generated new: corr-78b4517908694e958b5049e27559065a [main] [correlationId=N/A] [transactionId=N/A] c.e.oidc.filter.CorrelationIdFilter - 
2025-08-03 17:18:23 - Processing request with correlationId: corr-78b4517908694e958b5049e27559065a and transactionId: txn-83f516abda274fcc9737757824e5d8fa [main] [correlationId=corr-78b4517908694e958b5049e27559065a] [transactionId=txn-83f516abda274fcc9737757824e5d8fa] c.e.oidc.filter.CorrelationIdFilter - 
2025-08-03 17:18:23 - Securing GET /api/health [main] [correlationId=corr-78b4517908694e958b5049e27559065a] [transactionId=txn-83f516abda274fcc9737757824e5d8fa] o.s.security.web.FilterChainProxy - 
2025-08-03 17:18:23 - Set SecurityContextHolder to anonymous SecurityContext [main] [correlationId=corr-78b4517908694e958b5049e27559065a] [transactionId=txn-83f516abda274fcc9737757824e5d8fa] o.s.s.w.a.AnonymousAuthenticationFilter - 
2025-08-03 17:18:23 - Saved request http://localhost/api/health?continue to session [main] [correlationId=corr-78b4517908694e958b5049e27559065a] [transactionId=txn-83f516abda274fcc9737757824e5d8fa] o.s.s.w.s.HttpSessionRequestCache - 
2025-08-03 17:18:23 - Trying to match using com.example.oidc.config.SecurityConfig$$Lambda/0x00000240504c54a0@4fea840f [main] [correlationId=corr-78b4517908694e958b5049e27559065a] [transactionId=txn-83f516abda274fcc9737757824e5d8fa] o.s.s.w.a.DelegatingAuthenticationEntryPoint - 
2025-08-03 17:18:23 - Match found! Executing com.example.oidc.config.SecurityConfig$$Lambda/0x00000240504c5290@70805849 [main] [correlationId=corr-78b4517908694e958b5049e27559065a] [transactionId=txn-83f516abda274fcc9737757824e5d8fa] o.s.s.w.a.DelegatingAuthenticationEntryPoint - 
2025-08-03 17:18:23 - No correlation ID found in request headers, generated new: corr-3c0231f3cfb4418cab2e1109954fab4d [main] [correlationId=N/A] [transactionId=N/A] c.e.oidc.filter.CorrelationIdFilter - 
2025-08-03 17:18:23 - Processing request with correlationId: corr-3c0231f3cfb4418cab2e1109954fab4d and transactionId: txn-8e0aefb6442941309b5f488382356ca2 [main] [correlationId=corr-3c0231f3cfb4418cab2e1109954fab4d] [transactionId=txn-8e0aefb6442941309b5f488382356ca2] c.e.oidc.filter.CorrelationIdFilter - 
2025-08-03 17:18:23 - Securing GET /api/test [main] [correlationId=corr-3c0231f3cfb4418cab2e1109954fab4d] [transactionId=txn-8e0aefb6442941309b5f488382356ca2] o.s.security.web.FilterChainProxy - 
2025-08-03 17:18:23 - Set SecurityContextHolder to anonymous SecurityContext [main] [correlationId=corr-3c0231f3cfb4418cab2e1109954fab4d] [transactionId=txn-8e0aefb6442941309b5f488382356ca2] o.s.s.w.a.AnonymousAuthenticationFilter - 
2025-08-03 17:18:23 - Saved request http://localhost/api/test?continue to session [main] [correlationId=corr-3c0231f3cfb4418cab2e1109954fab4d] [transactionId=txn-8e0aefb6442941309b5f488382356ca2] o.s.s.w.s.HttpSessionRequestCache - 
2025-08-03 17:18:23 - Trying to match using com.example.oidc.config.SecurityConfig$$Lambda/0x00000240504c54a0@4fea840f [main] [correlationId=corr-3c0231f3cfb4418cab2e1109954fab4d] [transactionId=txn-8e0aefb6442941309b5f488382356ca2] o.s.s.w.a.DelegatingAuthenticationEntryPoint - 
2025-08-03 17:18:23 - Match found! Executing com.example.oidc.config.SecurityConfig$$Lambda/0x00000240504c5290@70805849 [main] [correlationId=corr-3c0231f3cfb4418cab2e1109954fab4d] [transactionId=txn-8e0aefb6442941309b5f488382356ca2] o.s.s.w.a.DelegatingAuthenticationEntryPoint - 
2025-08-03 17:18:23 - No correlation ID found in request headers, generated new: corr-2f2a8ab4840d45be9c8aba61c72ac319 [main] [correlationId=N/A] [transactionId=N/A] c.e.oidc.filter.CorrelationIdFilter - 
2025-08-03 17:18:23 - Processing request with correlationId: corr-2f2a8ab4840d45be9c8aba61c72ac319 and transactionId: txn-5fec92df3edd4e408a69aaf17ebde0b2 [main] [correlationId=corr-2f2a8ab4840d45be9c8aba61c72ac319] [transactionId=txn-5fec92df3edd4e408a69aaf17ebde0b2] c.e.oidc.filter.CorrelationIdFilter - 
2025-08-03 17:18:23 - Securing GET /api/data/123 [main] [correlationId=corr-2f2a8ab4840d45be9c8aba61c72ac319] [transactionId=txn-5fec92df3edd4e408a69aaf17ebde0b2] o.s.security.web.FilterChainProxy - 
2025-08-03 17:18:23 - Set SecurityContextHolder to anonymous SecurityContext [main] [correlationId=corr-2f2a8ab4840d45be9c8aba61c72ac319] [transactionId=txn-5fec92df3edd4e408a69aaf17ebde0b2] o.s.s.w.a.AnonymousAuthenticationFilter - 
2025-08-03 17:18:23 - Saved request http://localhost/api/data/123?continue to session [main] [correlationId=corr-2f2a8ab4840d45be9c8aba61c72ac319] [transactionId=txn-5fec92df3edd4e408a69aaf17ebde0b2] o.s.s.w.s.HttpSessionRequestCache - 
2025-08-03 17:18:23 - Trying to match using com.example.oidc.config.SecurityConfig$$Lambda/0x00000240504c54a0@4fea840f [main] [correlationId=corr-2f2a8ab4840d45be9c8aba61c72ac319] [transactionId=txn-5fec92df3edd4e408a69aaf17ebde0b2] o.s.s.w.a.DelegatingAuthenticationEntryPoint - 
2025-08-03 17:18:23 - Match found! Executing com.example.oidc.config.SecurityConfig$$Lambda/0x00000240504c5290@70805849 [main] [correlationId=corr-2f2a8ab4840d45be9c8aba61c72ac319] [transactionId=txn-5fec92df3edd4e408a69aaf17ebde0b2] o.s.s.w.a.DelegatingAuthenticationEntryPoint - 
]]></system-out>
  </testcase>
  <testcase name="testWebEndpoint_NoAuthentication_RedirectsToLogin" classname="com.example.oidc.security.ApiAuthenticationTest" time="0.009">
    <system-out><![CDATA[2025-08-03 17:18:23 - No correlation ID found in request headers, generated new: corr-be6b9288a0f14b8e81222ac0ab0bd996 [main] [correlationId=N/A] [transactionId=N/A] c.e.oidc.filter.CorrelationIdFilter - 
2025-08-03 17:18:23 - Processing request with correlationId: corr-be6b9288a0f14b8e81222ac0ab0bd996 and transactionId: txn-87117310c76a4d72a539dc47826ea3c6 [main] [correlationId=corr-be6b9288a0f14b8e81222ac0ab0bd996] [transactionId=txn-87117310c76a4d72a539dc47826ea3c6] c.e.oidc.filter.CorrelationIdFilter - 
2025-08-03 17:18:23 - Securing GET /home [main] [correlationId=corr-be6b9288a0f14b8e81222ac0ab0bd996] [transactionId=txn-87117310c76a4d72a539dc47826ea3c6] o.s.security.web.FilterChainProxy - 
2025-08-03 17:18:23 - Set SecurityContextHolder to anonymous SecurityContext [main] [correlationId=corr-be6b9288a0f14b8e81222ac0ab0bd996] [transactionId=txn-87117310c76a4d72a539dc47826ea3c6] o.s.s.w.a.AnonymousAuthenticationFilter - 
2025-08-03 17:18:23 - Saved request http://localhost/home?continue to session [main] [correlationId=corr-be6b9288a0f14b8e81222ac0ab0bd996] [transactionId=txn-87117310c76a4d72a539dc47826ea3c6] o.s.s.w.s.HttpSessionRequestCache - 
2025-08-03 17:18:23 - Trying to match using com.example.oidc.config.SecurityConfig$$Lambda/0x00000240504c54a0@4fea840f [main] [correlationId=corr-be6b9288a0f14b8e81222ac0ab0bd996] [transactionId=txn-87117310c76a4d72a539dc47826ea3c6] o.s.s.w.a.DelegatingAuthenticationEntryPoint - 
2025-08-03 17:18:23 - Trying to match using com.example.oidc.config.SecurityConfig$$Lambda/0x00000240504c56c0@75e80a97 [main] [correlationId=corr-be6b9288a0f14b8e81222ac0ab0bd996] [transactionId=txn-87117310c76a4d72a539dc47826ea3c6] o.s.s.w.a.DelegatingAuthenticationEntryPoint - 
2025-08-03 17:18:23 - Match found! Executing org.springframework.security.web.authentication.LoginUrlAuthenticationEntryPoint@432eb882 [main] [correlationId=corr-be6b9288a0f14b8e81222ac0ab0bd996] [transactionId=txn-87117310c76a4d72a539dc47826ea3c6] o.s.s.w.a.DelegatingAuthenticationEntryPoint - 
2025-08-03 17:18:23 - Redirecting to http://localhost/login [main] [correlationId=corr-be6b9288a0f14b8e81222ac0ab0bd996] [transactionId=txn-87117310c76a4d72a539dc47826ea3c6] o.s.s.web.DefaultRedirectStrategy - 
]]></system-out>
  </testcase>
  <testcase name="testApi_WithExpiredOidcToken_Returns401" classname="com.example.oidc.security.ApiAuthenticationTest" time="0.011">
    <system-out><![CDATA[2025-08-03 17:18:23 - Created HttpSession as SecurityContext is non-default [main] [correlationId=N/A] [transactionId=N/A] o.s.s.w.c.HttpSessionSecurityContextRepository - 
2025-08-03 17:18:23 - Stored SecurityContextImpl [Authentication=OAuth2AuthenticationToken [Principal=Name: [john.doe@example.com], Granted Authorities: [[ROLE_USER]], User Attributes: [{name=John Doe, sub=12345, preferred_username=john.doe@example.com, email=john.doe@example.com}], Credentials=[PROTECTED], Authenticated=true, Details=null, Granted Authorities=[ROLE_USER]]] to HttpSession [org.springframework.mock.web.MockHttpSession@b2d8dcd] [main] [correlationId=N/A] [transactionId=N/A] o.s.s.w.c.HttpSessionSecurityContextRepository - 
2025-08-03 17:18:23 - No correlation ID found in request headers, generated new: corr-8c10490039b14a268a0b38116fbbb54d [main] [correlationId=N/A] [transactionId=N/A] c.e.oidc.filter.CorrelationIdFilter - 
2025-08-03 17:18:23 - Processing request with correlationId: corr-8c10490039b14a268a0b38116fbbb54d and transactionId: txn-79e774ba490d465ea00191a74515a69b [main] [correlationId=corr-8c10490039b14a268a0b38116fbbb54d] [transactionId=txn-79e774ba490d465ea00191a74515a69b] c.e.oidc.filter.CorrelationIdFilter - 
2025-08-03 17:18:23 - Securing GET /api/user [main] [correlationId=corr-8c10490039b14a268a0b38116fbbb54d] [transactionId=txn-79e774ba490d465ea00191a74515a69b] o.s.security.web.FilterChainProxy - 
2025-08-03 17:18:23 - Retrieved SecurityContextImpl [Authentication=OAuth2AuthenticationToken [Principal=Name: [john.doe@example.com], Granted Authorities: [[ROLE_USER]], User Attributes: [{name=John Doe, sub=12345, preferred_username=john.doe@example.com, email=john.doe@example.com}], Credentials=[PROTECTED], Authenticated=true, Details=null, Granted Authorities=[ROLE_USER]]] [main] [correlationId=corr-8c10490039b14a268a0b38116fbbb54d] [transactionId=txn-79e774ba490d465ea00191a74515a69b] o.s.s.w.c.HttpSessionSecurityContextRepository - 
2025-08-03 17:18:23 - Token expired for user: john.doe@example.com (access: false, id: true), attempting refresh [main] [correlationId=corr-8c10490039b14a268a0b38116fbbb54d] [transactionId=txn-79e774ba490d465ea00191a74515a69b] c.e.o.s.OidcTokenRefreshFilter - 
2025-08-03 17:18:23 - Token expired and cannot refresh for user: john.doe@example.com [main] [correlationId=corr-8c10490039b14a268a0b38116fbbb54d] [transactionId=txn-79e774ba490d465ea00191a74515a69b] c.e.o.s.OidcTokenRefreshFilter - 
]]></system-out>
  </testcase>
  <testcase name="testApi_NoAuthentication_Returns401" classname="com.example.oidc.security.ApiAuthenticationTest" time="0.01">
    <system-out><![CDATA[2025-08-03 17:18:23 - No correlation ID found in request headers, generated new: corr-07eda407c23b4a5f80c5e83ae244497a [main] [correlationId=N/A] [transactionId=N/A] c.e.oidc.filter.CorrelationIdFilter - 
2025-08-03 17:18:23 - Processing request with correlationId: corr-07eda407c23b4a5f80c5e83ae244497a and transactionId: txn-cdeb56f11b4547fb899085b2e74a707a [main] [correlationId=corr-07eda407c23b4a5f80c5e83ae244497a] [transactionId=txn-cdeb56f11b4547fb899085b2e74a707a] c.e.oidc.filter.CorrelationIdFilter - 
2025-08-03 17:18:23 - Securing GET /api/user [main] [correlationId=corr-07eda407c23b4a5f80c5e83ae244497a] [transactionId=txn-cdeb56f11b4547fb899085b2e74a707a] o.s.security.web.FilterChainProxy - 
2025-08-03 17:18:23 - Set SecurityContextHolder to anonymous SecurityContext [main] [correlationId=corr-07eda407c23b4a5f80c5e83ae244497a] [transactionId=txn-cdeb56f11b4547fb899085b2e74a707a] o.s.s.w.a.AnonymousAuthenticationFilter - 
2025-08-03 17:18:23 - Saved request http://localhost/api/user?continue to session [main] [correlationId=corr-07eda407c23b4a5f80c5e83ae244497a] [transactionId=txn-cdeb56f11b4547fb899085b2e74a707a] o.s.s.w.s.HttpSessionRequestCache - 
2025-08-03 17:18:23 - Trying to match using com.example.oidc.config.SecurityConfig$$Lambda/0x00000240504c54a0@4fea840f [main] [correlationId=corr-07eda407c23b4a5f80c5e83ae244497a] [transactionId=txn-cdeb56f11b4547fb899085b2e74a707a] o.s.s.w.a.DelegatingAuthenticationEntryPoint - 
2025-08-03 17:18:23 - Match found! Executing com.example.oidc.config.SecurityConfig$$Lambda/0x00000240504c5290@70805849 [main] [correlationId=corr-07eda407c23b4a5f80c5e83ae244497a] [transactionId=txn-cdeb56f11b4547fb899085b2e74a707a] o.s.s.w.a.DelegatingAuthenticationEntryPoint - 
2025-08-03 17:18:23 - No correlation ID found in request headers, generated new: corr-22acc6ca38fc460aadd1d2e164eeacde [main] [correlationId=N/A] [transactionId=N/A] c.e.oidc.filter.CorrelationIdFilter - 
2025-08-03 17:18:23 - Processing request with correlationId: corr-22acc6ca38fc460aadd1d2e164eeacde and transactionId: txn-9bebace63ee54073989ef99e60f3dfc2 [main] [correlationId=corr-22acc6ca38fc460aadd1d2e164eeacde] [transactionId=txn-9bebace63ee54073989ef99e60f3dfc2] c.e.oidc.filter.CorrelationIdFilter - 
2025-08-03 17:18:23 - Securing GET /api/user-v2 [main] [correlationId=corr-22acc6ca38fc460aadd1d2e164eeacde] [transactionId=txn-9bebace63ee54073989ef99e60f3dfc2] o.s.security.web.FilterChainProxy - 
2025-08-03 17:18:23 - Set SecurityContextHolder to anonymous SecurityContext [main] [correlationId=corr-22acc6ca38fc460aadd1d2e164eeacde] [transactionId=txn-9bebace63ee54073989ef99e60f3dfc2] o.s.s.w.a.AnonymousAuthenticationFilter - 
2025-08-03 17:18:23 - Saved request http://localhost/api/user-v2?continue to session [main] [correlationId=corr-22acc6ca38fc460aadd1d2e164eeacde] [transactionId=txn-9bebace63ee54073989ef99e60f3dfc2] o.s.s.w.s.HttpSessionRequestCache - 
2025-08-03 17:18:23 - Trying to match using com.example.oidc.config.SecurityConfig$$Lambda/0x00000240504c54a0@4fea840f [main] [correlationId=corr-22acc6ca38fc460aadd1d2e164eeacde] [transactionId=txn-9bebace63ee54073989ef99e60f3dfc2] o.s.s.w.a.DelegatingAuthenticationEntryPoint - 
2025-08-03 17:18:23 - Match found! Executing com.example.oidc.config.SecurityConfig$$Lambda/0x00000240504c5290@70805849 [main] [correlationId=corr-22acc6ca38fc460aadd1d2e164eeacde] [transactionId=txn-9bebace63ee54073989ef99e60f3dfc2] o.s.s.w.a.DelegatingAuthenticationEntryPoint - 
2025-08-03 17:18:23 - No correlation ID found in request headers, generated new: corr-313b2395eb9e41dda2ea41eb7b9f4d4e [main] [correlationId=N/A] [transactionId=N/A] c.e.oidc.filter.CorrelationIdFilter - 
2025-08-03 17:18:23 - Processing request with correlationId: corr-313b2395eb9e41dda2ea41eb7b9f4d4e and transactionId: txn-573ce727ff56444689b7bc0f8253c7d1 [main] [correlationId=corr-313b2395eb9e41dda2ea41eb7b9f4d4e] [transactionId=txn-573ce727ff56444689b7bc0f8253c7d1] c.e.oidc.filter.CorrelationIdFilter - 
2025-08-03 17:18:23 - Securing GET /api/health [main] [correlationId=corr-313b2395eb9e41dda2ea41eb7b9f4d4e] [transactionId=txn-573ce727ff56444689b7bc0f8253c7d1] o.s.security.web.FilterChainProxy - 
2025-08-03 17:18:23 - Set SecurityContextHolder to anonymous SecurityContext [main] [correlationId=corr-313b2395eb9e41dda2ea41eb7b9f4d4e] [transactionId=txn-573ce727ff56444689b7bc0f8253c7d1] o.s.s.w.a.AnonymousAuthenticationFilter - 
2025-08-03 17:18:23 - Saved request http://localhost/api/health?continue to session [main] [correlationId=corr-313b2395eb9e41dda2ea41eb7b9f4d4e] [transactionId=txn-573ce727ff56444689b7bc0f8253c7d1] o.s.s.w.s.HttpSessionRequestCache - 
2025-08-03 17:18:23 - Trying to match using com.example.oidc.config.SecurityConfig$$Lambda/0x00000240504c54a0@4fea840f [main] [correlationId=corr-313b2395eb9e41dda2ea41eb7b9f4d4e] [transactionId=txn-573ce727ff56444689b7bc0f8253c7d1] o.s.s.w.a.DelegatingAuthenticationEntryPoint - 
2025-08-03 17:18:23 - Match found! Executing com.example.oidc.config.SecurityConfig$$Lambda/0x00000240504c5290@70805849 [main] [correlationId=corr-313b2395eb9e41dda2ea41eb7b9f4d4e] [transactionId=txn-573ce727ff56444689b7bc0f8253c7d1] o.s.s.w.a.DelegatingAuthenticationEntryPoint - 
]]></system-out>
  </testcase>
  <testcase name="testApi_WithCsrfToken_StillRequiresAuth" classname="com.example.oidc.security.ApiAuthenticationTest" time="0.009">
    <system-out><![CDATA[2025-08-03 17:18:23 - No correlation ID found in request headers, generated new: corr-aa384c3dbce84e32b24fa1ea4cffae77 [main] [correlationId=N/A] [transactionId=N/A] c.e.oidc.filter.CorrelationIdFilter - 
2025-08-03 17:18:23 - Processing request with correlationId: corr-aa384c3dbce84e32b24fa1ea4cffae77 and transactionId: txn-b997da0a694846259baa779c539a0b04 [main] [correlationId=corr-aa384c3dbce84e32b24fa1ea4cffae77] [transactionId=txn-b997da0a694846259baa779c539a0b04] c.e.oidc.filter.CorrelationIdFilter - 
2025-08-03 17:18:23 - Securing POST /api/data [main] [correlationId=corr-aa384c3dbce84e32b24fa1ea4cffae77] [transactionId=txn-b997da0a694846259baa779c539a0b04] o.s.security.web.FilterChainProxy - 
2025-08-03 17:18:23 - Set SecurityContextHolder to anonymous SecurityContext [main] [correlationId=corr-aa384c3dbce84e32b24fa1ea4cffae77] [transactionId=txn-b997da0a694846259baa779c539a0b04] o.s.s.w.a.AnonymousAuthenticationFilter - 
2025-08-03 17:18:23 - Trying to match using com.example.oidc.config.SecurityConfig$$Lambda/0x00000240504c54a0@4fea840f [main] [correlationId=corr-aa384c3dbce84e32b24fa1ea4cffae77] [transactionId=txn-b997da0a694846259baa779c539a0b04] o.s.s.w.a.DelegatingAuthenticationEntryPoint - 
2025-08-03 17:18:23 - Match found! Executing com.example.oidc.config.SecurityConfig$$Lambda/0x00000240504c5290@70805849 [main] [correlationId=corr-aa384c3dbce84e32b24fa1ea4cffae77] [transactionId=txn-b997da0a694846259baa779c539a0b04] o.s.s.w.a.DelegatingAuthenticationEntryPoint - 
]]></system-out>
  </testcase>
  <testcase name="testApi_WithValidOidcToken_Returns200" classname="com.example.oidc.security.ApiAuthenticationTest" time="0.013">
    <system-out><![CDATA[2025-08-03 17:18:23 - Created HttpSession as SecurityContext is non-default [main] [correlationId=N/A] [transactionId=N/A] o.s.s.w.c.HttpSessionSecurityContextRepository - 
2025-08-03 17:18:23 - Stored SecurityContextImpl [Authentication=OAuth2AuthenticationToken [Principal=Name: [john.doe@example.com], Granted Authorities: [[ROLE_USER]], User Attributes: [{name=John Doe, sub=12345, preferred_username=john.doe@example.com, email=john.doe@example.com}], Credentials=[PROTECTED], Authenticated=true, Details=null, Granted Authorities=[ROLE_USER]]] to HttpSession [org.springframework.mock.web.MockHttpSession@417bfebd] [main] [correlationId=N/A] [transactionId=N/A] o.s.s.w.c.HttpSessionSecurityContextRepository - 
2025-08-03 17:18:23 - No correlation ID found in request headers, generated new: corr-caf03365e7cd4ddfa907597aa5db4c19 [main] [correlationId=N/A] [transactionId=N/A] c.e.oidc.filter.CorrelationIdFilter - 
2025-08-03 17:18:23 - Processing request with correlationId: corr-caf03365e7cd4ddfa907597aa5db4c19 and transactionId: txn-8ea0c1e764e342b08524e988dfbe9dcd [main] [correlationId=corr-caf03365e7cd4ddfa907597aa5db4c19] [transactionId=txn-8ea0c1e764e342b08524e988dfbe9dcd] c.e.oidc.filter.CorrelationIdFilter - 
2025-08-03 17:18:23 - Securing GET /api/user [main] [correlationId=corr-caf03365e7cd4ddfa907597aa5db4c19] [transactionId=txn-8ea0c1e764e342b08524e988dfbe9dcd] o.s.security.web.FilterChainProxy - 
2025-08-03 17:18:23 - Retrieved SecurityContextImpl [Authentication=OAuth2AuthenticationToken [Principal=Name: [john.doe@example.com], Granted Authorities: [[ROLE_USER]], User Attributes: [{name=John Doe, sub=12345, preferred_username=john.doe@example.com, email=john.doe@example.com}], Credentials=[PROTECTED], Authenticated=true, Details=null, Granted Authorities=[ROLE_USER]]] [main] [correlationId=corr-caf03365e7cd4ddfa907597aa5db4c19] [transactionId=txn-8ea0c1e764e342b08524e988dfbe9dcd] o.s.s.w.c.HttpSessionSecurityContextRepository - 
2025-08-03 17:18:23 - Secured GET /api/user [main] [correlationId=corr-caf03365e7cd4ddfa907597aa5db4c19] [transactionId=txn-8ea0c1e764e342b08524e988dfbe9dcd] o.s.security.web.FilterChainProxy - 
2025-08-03 17:18:23 - [correlationId=corr-caf03365e7cd4ddfa907597aa5db4c19, transactionId=txn-8ea0c1e764e342b08524e988dfbe9dcd] Getting current user info for: john.doe@example.com [main] [correlationId=corr-caf03365e7cd4ddfa907597aa5db4c19] [transactionId=txn-8ea0c1e764e342b08524e988dfbe9dcd] c.e.oidc.controller.ApiController - 
]]></system-out>
  </testcase>
</testsuite>