<?xml version="1.0" encoding="UTF-8"?>
<testsuite xmlns:xsi="http://www.w3.org/2001/XMLSchema-instance" xsi:noNamespaceSchemaLocation="https://maven.apache.org/surefire/maven-surefire-plugin/xsd/surefire-test-report.xsd" version="3.0.2" name="com.example.oidc.config.UsernameArgumentResolverTest" time="0.427" tests="3" errors="0" skipped="0" failures="0">
  <properties>
[...]
</properties>
  <testcase name="testUnauthenticatedRequest" classname="com.example.oidc.config.UsernameArgumentResolverTest" time="0.012">
    <system-out><![CDATA[2025-08-03 17:22:42 - Could not detect default configuration classes for test class [com.example.oidc.config.UsernameArgumentResolverTest]: UsernameArgumentResolverTest does not declare any static, non-private, non-final, nested classes annotated with @Configuration. [main] [correlationId=N/A] [transactionId=N/A] o.s.t.c.s.AnnotationConfigContextLoaderUtils - 
2025-08-03 17:22:42 - Found @SpringBootConfiguration com.example.oidc.OidcMultiSecretApplication for test class com.example.oidc.config.UsernameArgumentResolverTest [main] [correlationId=N/A] [transactionId=N/A] o.s.b.t.c.SpringBootTestContextBootstrapper - 

  .   ____          _            __ _ _
 /\\ / ___'_ __ _ _(_)_ __  __ _ \ \ \ \
( ( )\___ | '_ | '_| | '_ \/ _` | \ \ \ \
 \\/  ___)| |_)| | | | | || (_| |  ) ) ) )
  '  |____| .__|_| |_|_| |_\__, | / / / /
 =========|_|==============|___/=/_/_/_/

 :: Spring Boot ::                (v3.5.4)

2025-08-03 17:22:42 - Starting UsernameArgumentResolverTest using Java 21.0.5 with PID 23052 (started by TJ in C:\Users\TJ\eclipse-workspace\spring-boot-securityconfig-oidc-with-multiple-secrets) [main] [correlationId=N/A] [transactionId=N/A] c.e.o.c.UsernameArgumentResolverTest - 
2025-08-03 17:22:42 - Running with Spring Boot v3.5.4, Spring v6.2.9 [main] [correlationId=N/A] [transactionId=N/A] c.e.o.c.UsernameArgumentResolverTest - 
2025-08-03 17:22:42 - The following 1 profile is active: "webmvctest" [main] [correlationId=N/A] [transactionId=N/A] c.e.o.c.UsernameArgumentResolverTest - 
2025-08-03 17:22:42 - Adding welcome page template: index [main] [correlationId=N/A] [transactionId=N/A] o.s.b.a.w.s.WelcomePageHandlerMapping - 
2025-08-03 17:22:42 - No authenticationProviders and no parentAuthenticationManager defined. Returning null. [main] [correlationId=N/A] [transactionId=N/A] o.s.s.c.a.a.c.AuthenticationConfiguration$DefaultPasswordEncoderAuthenticationManagerBuilder - 
2025-08-03 17:22:42 - Will secure any request with filters: DisableEncodeUrlFilter, WebAsyncManagerIntegrationFilter, SecurityContextHolderFilter, HeaderWriterFilter, CsrfFilter, LogoutFilter, UsernamePasswordAuthenticationFilter, DefaultResourcesFilter, DefaultLoginPageGeneratingFilter, DefaultLogoutPageGeneratingFilter, BasicAuthenticationFilter, RequestCacheAwareFilter, SecurityContextHolderAwareRequestFilter, AnonymousAuthenticationFilter, ExceptionTranslationFilter, AuthorizationFilter [main] [correlationId=N/A] [transactionId=N/A] o.s.s.web.DefaultSecurityFilterChain - 
2025-08-03 17:22:42 - Filter 'correlationIdFilter' configured for use [main] [correlationId=N/A] [transactionId=N/A] c.e.oidc.filter.CorrelationIdFilter - 
2025-08-03 17:22:42 - Initializing Spring TestDispatcherServlet '' [main] [correlationId=N/A] [transactionId=N/A] o.s.b.t.m.w.SpringBootMockServletContext - 
2025-08-03 17:22:42 - Initializing Servlet '' [main] [correlationId=N/A] [transactionId=N/A] o.s.t.w.s.TestDispatcherServlet - 
2025-08-03 17:22:42 - Completed initialization in 1 ms [main] [correlationId=N/A] [transactionId=N/A] o.s.t.w.s.TestDispatcherServlet - 
2025-08-03 17:22:43 - Started UsernameArgumentResolverTest in 0.261 seconds (process running for 4.647) [main] [correlationId=N/A] [transactionId=N/A] c.e.o.c.UsernameArgumentResolverTest - 
2025-08-03 17:22:43 - No correlation ID found in request headers, generated new: corr-62c907d838984d82b114c9c7aa4e935b [main] [correlationId=N/A] [transactionId=N/A] c.e.oidc.filter.CorrelationIdFilter - 
2025-08-03 17:22:43 - Processing request with correlationId: corr-62c907d838984d82b114c9c7aa4e935b and transactionId: txn-1dab357352984c9d95ed6079c57780c2 [main] [correlationId=corr-62c907d838984d82b114c9c7aa4e935b] [transactionId=txn-1dab357352984c9d95ed6079c57780c2] c.e.oidc.filter.CorrelationIdFilter - 
2025-08-03 17:22:43 - Securing GET /api/user-v2 [main] [correlationId=corr-62c907d838984d82b114c9c7aa4e935b] [transactionId=txn-1dab357352984c9d95ed6079c57780c2] o.s.security.web.FilterChainProxy - 
2025-08-03 17:22:43 - Set SecurityContextHolder to anonymous SecurityContext [main] [correlationId=corr-62c907d838984d82b114c9c7aa4e935b] [transactionId=txn-1dab357352984c9d95ed6079c57780c2] o.s.s.w.a.AnonymousAuthenticationFilter - 
2025-08-03 17:22:43 - Saved request http://localhost/api/user-v2?continue to session [main] [correlationId=corr-62c907d838984d82b114c9c7aa4e935b] [transactionId=txn-1dab357352984c9d95ed6079c57780c2] o.s.s.w.s.HttpSessionRequestCache - 
2025-08-03 17:22:43 - Trying to match using And [Not [RequestHeaderRequestMatcher [expectedHeaderName=X-Requested-With, expectedHeaderValue=XMLHttpRequest]], MediaTypeRequestMatcher [contentNegotiationStrategy=org.springframework.web.accept.ContentNegotiationManager@4a45ff31, matchingMediaTypes=[application/xhtml+xml, image/*, text/html, text/plain], useEquals=false, ignoredMediaTypes=[*/*]]] [main] [correlationId=corr-62c907d838984d82b114c9c7aa4e935b] [transactionId=txn-1dab357352984c9d95ed6079c57780c2] o.s.s.w.a.DelegatingAuthenticationEntryPoint - 
2025-08-03 17:22:43 - Trying to match using Or [RequestHeaderRequestMatcher [expectedHeaderName=X-Requested-With, expectedHeaderValue=XMLHttpRequest], And [Not [MediaTypeRequestMatcher [contentNegotiationStrategy=org.springframework.web.accept.ContentNegotiationManager@4a45ff31, matchingMediaTypes=[text/html], useEquals=false, ignoredMediaTypes=[]]], MediaTypeRequestMatcher [contentNegotiationStrategy=org.springframework.web.accept.ContentNegotiationManager@4a45ff31, matchingMediaTypes=[application/atom+xml, application/x-www-form-urlencoded, application/json, application/octet-stream, application/xml, multipart/form-data, text/xml], useEquals=false, ignoredMediaTypes=[*/*]]], MediaTypeRequestMatcher [contentNegotiationStrategy=org.springframework.web.accept.ContentNegotiationManager@4a45ff31, matchingMediaTypes=[*/*], useEquals=true, ignoredMediaTypes=[]]] [main] [correlationId=corr-62c907d838984d82b114c9c7aa4e935b] [transactionId=txn-1dab357352984c9d95ed6079c57780c2] o.s.s.w.a.DelegatingAuthenticationEntryPoint - 
2025-08-03 17:22:43 - Match found! Executing org.springframework.security.web.authentication.DelegatingAuthenticationEntryPoint@596d17f4 [main] [correlationId=corr-62c907d838984d82b114c9c7aa4e935b] [transactionId=txn-1dab357352984c9d95ed6079c57780c2] o.s.s.w.a.DelegatingAuthenticationEntryPoint - 
2025-08-03 17:22:43 - Trying to match using RequestHeaderRequestMatcher [expectedHeaderName=X-Requested-With, expectedHeaderValue=XMLHttpRequest] [main] [correlationId=corr-62c907d838984d82b114c9c7aa4e935b] [transactionId=txn-1dab357352984c9d95ed6079c57780c2] o.s.s.w.a.DelegatingAuthenticationEntryPoint - 
2025-08-03 17:22:43 - No match found. Using default entry point org.springframework.security.web.authentication.www.BasicAuthenticationEntryPoint@580e01cd [main] [correlationId=corr-62c907d838984d82b114c9c7aa4e935b] [transactionId=txn-1dab357352984c9d95ed6079c57780c2] o.s.s.w.a.DelegatingAuthenticationEntryPoint - 
]]></system-out>
  </testcase>
  <testcase name="testUsernameWithoutDomain" classname="com.example.oidc.config.UsernameArgumentResolverTest" time="0.024">
    <system-out><![CDATA[2025-08-03 17:22:43 - Created HttpSession as SecurityContext is non-default [main] [correlationId=N/A] [transactionId=N/A] o.s.s.w.c.HttpSessionSecurityContextRepository - 
2025-08-03 17:22:43 - Stored SecurityContextImpl [Authentication=UsernamePasswordAuthenticationToken [Principal=org.springframework.security.core.userdetails.User [Username=simpleuser, Password=[PROTECTED], Enabled=true, AccountNonExpired=true, CredentialsNonExpired=true, AccountNonLocked=true, Granted Authorities=[ROLE_USER]], Credentials=[PROTECTED], Authenticated=true, Details=null, Granted Authorities=[ROLE_USER]]] to HttpSession [org.springframework.mock.web.MockHttpSession@2e60d4f4] [main] [correlationId=N/A] [transactionId=N/A] o.s.s.w.c.HttpSessionSecurityContextRepository - 
2025-08-03 17:22:43 - No correlation ID found in request headers, generated new: corr-2d500e862451422e8743d436fdb609f7 [main] [correlationId=N/A] [transactionId=N/A] c.e.oidc.filter.CorrelationIdFilter - 
2025-08-03 17:22:43 - Processing request with correlationId: corr-2d500e862451422e8743d436fdb609f7 and transactionId: txn-2f2dda75163542daa644dd976c147fb3 [main] [correlationId=corr-2d500e862451422e8743d436fdb609f7] [transactionId=txn-2f2dda75163542daa644dd976c147fb3] c.e.oidc.filter.CorrelationIdFilter - 
2025-08-03 17:22:43 - Securing GET /api/user-v2 [main] [correlationId=corr-2d500e862451422e8743d436fdb609f7] [transactionId=txn-2f2dda75163542daa644dd976c147fb3] o.s.security.web.FilterChainProxy - 
2025-08-03 17:22:43 - Retrieved SecurityContextImpl [Authentication=UsernamePasswordAuthenticationToken [Principal=org.springframework.security.core.userdetails.User [Username=simpleuser, Password=[PROTECTED], Enabled=true, AccountNonExpired=true, CredentialsNonExpired=true, AccountNonLocked=true, Granted Authorities=[ROLE_USER]], Credentials=[PROTECTED], Authenticated=true, Details=null, Granted Authorities=[ROLE_USER]]] [main] [correlationId=corr-2d500e862451422e8743d436fdb609f7] [transactionId=txn-2f2dda75163542daa644dd976c147fb3] o.s.s.w.c.HttpSessionSecurityContextRepository - 
2025-08-03 17:22:43 - Secured GET /api/user-v2 [main] [correlationId=corr-2d500e862451422e8743d436fdb609f7] [transactionId=txn-2f2dda75163542daa644dd976c147fb3] o.s.security.web.FilterChainProxy - 
]]></system-out>
  </testcase>
  <testcase name="testUsernameAnnotationWithTruncation" classname="com.example.oidc.config.UsernameArgumentResolverTest" time="0.006">
    <system-out><![CDATA[2025-08-03 17:22:43 - Created HttpSession as SecurityContext is non-default [main] [correlationId=N/A] [transactionId=N/A] o.s.s.w.c.HttpSessionSecurityContextRepository - 
2025-08-03 17:22:43 - Stored SecurityContextImpl [Authentication=UsernamePasswordAuthenticationToken [Principal=org.springframework.security.core.userdetails.User [Username=john.doe@example.com, Password=[PROTECTED], Enabled=true, AccountNonExpired=true, CredentialsNonExpired=true, AccountNonLocked=true, Granted Authorities=[ROLE_USER]], Credentials=[PROTECTED], Authenticated=true, Details=null, Granted Authorities=[ROLE_USER]]] to HttpSession [org.springframework.mock.web.MockHttpSession@5b4ce00] [main] [correlationId=N/A] [transactionId=N/A] o.s.s.w.c.HttpSessionSecurityContextRepository - 
2025-08-03 17:22:43 - No correlation ID found in request headers, generated new: corr-462c5c1d9a9447f3a8b091edca357948 [main] [correlationId=N/A] [transactionId=N/A] c.e.oidc.filter.CorrelationIdFilter - 
2025-08-03 17:22:43 - Processing request with correlationId: corr-462c5c1d9a9447f3a8b091edca357948 and transactionId: txn-4888f0b8b8d64f428e9373eb8ab4d318 [main] [correlationId=corr-462c5c1d9a9447f3a8b091edca357948] [transactionId=txn-4888f0b8b8d64f428e9373eb8ab4d318] c.e.oidc.filter.CorrelationIdFilter - 
2025-08-03 17:22:43 - Securing GET /api/user-v2 [main] [correlationId=corr-462c5c1d9a9447f3a8b091edca357948] [transactionId=txn-4888f0b8b8d64f428e9373eb8ab4d318] o.s.security.web.FilterChainProxy - 
2025-08-03 17:22:43 - Retrieved SecurityContextImpl [Authentication=UsernamePasswordAuthenticationToken [Principal=org.springframework.security.core.userdetails.User [Username=john.doe@example.com, Password=[PROTECTED], Enabled=true, AccountNonExpired=true, CredentialsNonExpired=true, AccountNonLocked=true, Granted Authorities=[ROLE_USER]], Credentials=[PROTECTED], Authenticated=true, Details=null, Granted Authorities=[ROLE_USER]]] [main] [correlationId=corr-462c5c1d9a9447f3a8b091edca357948] [transactionId=txn-4888f0b8b8d64f428e9373eb8ab4d318] o.s.s.w.c.HttpSessionSecurityContextRepository - 
2025-08-03 17:22:43 - Secured GET /api/user-v2 [main] [correlationId=corr-462c5c1d9a9447f3a8b091edca357948] [transactionId=txn-4888f0b8b8d64f428e9373eb8ab4d318] o.s.security.web.FilterChainProxy - 
]]></system-out>
  </testcase>
</testsuite>