<?xml version="1.0" encoding="UTF-8"?>
<testsuite xmlns:xsi="http://www.w3.org/2001/XMLSchema-instance" xsi:noNamespaceSchemaLocation="https://maven.apache.org/surefire/maven-surefire-plugin/xsd/surefire-test-report.xsd" version="3.0.2" name="com.example.oidc.filter.CorrelationIdFilterTest" time="0.063" tests="7" errors="0" skipped="0" failures="0">
  <properties>
[...]
</properties>
  <testcase name="testFilter_SetsThreadLocalValues" classname="com.example.oidc.filter.CorrelationIdFilterTest" time="0.035">
    <system-out><![CDATA[2025-08-03 17:30:35 - No correlation ID found in request headers, generated new: corr-e963fc93c1e44c4a93759c50c1dfa72c [main] [correlationId=N/A] [transactionId=N/A] c.e.oidc.filter.CorrelationIdFilter - 
2025-08-03 17:30:35 - Processing request with correlationId: corr-e963fc93c1e44c4a93759c50c1dfa72c and transactionId: txn-51798a26828b47f4abd30b5f7b58a2d9 [main] [correlationId=corr-e963fc93c1e44c4a93759c50c1dfa72c] [transactionId=txn-51798a26828b47f4abd30b5f7b58a2d9] c.e.oidc.filter.CorrelationIdFilter - 
]]></system-out>
  </testcase>
  <testcase name="testFilter_SetsMDCValues" classname="com.example.oidc.filter.CorrelationIdFilterTest" time="0.001">
    <system-out><![CDATA[2025-08-03 17:30:35 - No correlation ID found in request headers, generated new: corr-6e23c176e09641e994036f65ae0b8916 [main] [correlationId=N/A] [transactionId=N/A] c.e.oidc.filter.CorrelationIdFilter - 
2025-08-03 17:30:35 - Processing request with correlationId: corr-6e23c176e09641e994036f65ae0b8916 and transactionId: txn-a64b6ed226eb410dad1f2ec1ce295218 [main] [correlationId=corr-6e23c176e09641e994036f65ae0b8916] [transactionId=txn-a64b6ed226eb410dad1f2ec1ce295218] c.e.oidc.filter.CorrelationIdFilter - 
]]></system-out>
  </testcase>
  <testcase name="testFilter_AlwaysGeneratesNewTransactionId" classname="com.example.oidc.filter.CorrelationIdFilterTest" time="0.005">
    <system-out><![CDATA[2025-08-03 17:30:35 - No correlation ID found in request headers, generated new: corr-3d9ffaa51b5c4862a39c2f7af5b2d8dd [main] [correlationId=N/A] [transactionId=N/A] c.e.oidc.filter.CorrelationIdFilter - 
2025-08-03 17:30:35 - Processing request with correlationId: corr-3d9ffaa51b5c4862a39c2f7af5b2d8dd and transactionId: txn-73c522706a7c4a4a994a67418199e9f8 [main] [correlationId=corr-3d9ffaa51b5c4862a39c2f7af5b2d8dd] [transactionId=txn-73c522706a7c4a4a994a67418199e9f8] c.e.oidc.filter.CorrelationIdFilter - 
]]></system-out>
  </testcase>
  <testcase name="testFilter_UsesAlternativeCorrelationIdHeaders" classname="com.example.oidc.filter.CorrelationIdFilterTest" time="0.002">
    <system-out><![CDATA[2025-08-03 17:30:35 - Using correlation ID from request header: request-id-456 [main] [correlationId=N/A] [transactionId=N/A] c.e.oidc.filter.CorrelationIdFilter - 
2025-08-03 17:30:35 - Processing request with correlationId: request-id-456 and transactionId: txn-f67fd8ddb9464d17a56a19ccb7314304 [main] [correlationId=request-id-456] [transactionId=txn-f67fd8ddb9464d17a56a19ccb7314304] c.e.oidc.filter.CorrelationIdFilter - 
2025-08-03 17:30:35 - Using correlation ID from request header: trace-id-789 [main] [correlationId=N/A] [transactionId=N/A] c.e.oidc.filter.CorrelationIdFilter - 
2025-08-03 17:30:35 - Processing request with correlationId: trace-id-789 and transactionId: txn-8449c1225f1d486484eaef6ab152c1aa [main] [correlationId=trace-id-789] [transactionId=txn-8449c1225f1d486484eaef6ab152c1aa] c.e.oidc.filter.CorrelationIdFilter - 
]]></system-out>
  </testcase>
  <testcase name="testFilter_UsesProvidedCorrelationId" classname="com.example.oidc.filter.CorrelationIdFilterTest" time="0.002">
    <system-out><![CDATA[2025-08-03 17:30:35 - Using correlation ID from request header: test-correlation-id-123 [main] [correlationId=N/A] [transactionId=N/A] c.e.oidc.filter.CorrelationIdFilter - 
2025-08-03 17:30:35 - Processing request with correlationId: test-correlation-id-123 and transactionId: txn-b13089dfd95e4ea3b5eb6dc94dd7c41b [main] [correlationId=test-correlation-id-123] [transactionId=txn-b13089dfd95e4ea3b5eb6dc94dd7c41b] c.e.oidc.filter.CorrelationIdFilter - 
]]></system-out>
  </testcase>
  <testcase name="testFilter_GeneratesNewIds_WhenNoCorrelationIdProvided" classname="com.example.oidc.filter.CorrelationIdFilterTest" time="0.004">
    <system-out><![CDATA[2025-08-03 17:30:36 - No correlation ID found in request headers, generated new: corr-e24d1faa12424c75b2e35b0fb5bbab8d [main] [correlationId=N/A] [transactionId=N/A] c.e.oidc.filter.CorrelationIdFilter - 
2025-08-03 17:30:36 - Processing request with correlationId: corr-e24d1faa12424c75b2e35b0fb5bbab8d and transactionId: txn-95daf7392f6d4da0a3058af7479f6a3c [main] [correlationId=corr-e24d1faa12424c75b2e35b0fb5bbab8d] [transactionId=txn-95daf7392f6d4da0a3058af7479f6a3c] c.e.oidc.filter.CorrelationIdFilter - 
]]></system-out>
  </testcase>
  <testcase name="testFilter_CleansUpOnException" classname="com.example.oidc.filter.CorrelationIdFilterTest" time="0.008">
    <system-out><![CDATA[2025-08-03 17:30:36 - No correlation ID found in request headers, generated new: corr-50d6cc3c4a4d4dfc8081a91f7455e9a5 [main] [correlationId=N/A] [transactionId=N/A] c.e.oidc.filter.CorrelationIdFilter - 
2025-08-03 17:30:36 - Processing request with correlationId: corr-50d6cc3c4a4d4dfc8081a91f7455e9a5 and transactionId: txn-1e1c79c9528d40828bd2a0dbf1c784ab [main] [correlationId=corr-50d6cc3c4a4d4dfc8081a91f7455e9a5] [transactionId=txn-1e1c79c9528d40828bd2a0dbf1c784ab] c.e.oidc.filter.CorrelationIdFilter - 
]]></system-out>
  </testcase>
</testsuite>